<?xml version="1.0" encoding="UTF-8"?>
<!-- Generated by org.testng.reporters.JUnitXMLReporter -->
<testsuite ignored="0" hostname="LAPTOP-FHO7PONP" failures="0" tests="4" name="ChromeTest" time="15.282" errors="0" timestamp="2022-08-05T01:04:59 IST">
  <testcase classname="com.sauceDemo.VerifyTestClasses.TC001_VerifyLoginFunctionality" name="loginFuntionality" time="0.438"/>
  <testcase classname="com.sauceDemo.VerifyTestClasses.TC002_VerifyLogOutFunctionality" name="logOutFunctionality" time="0.369"/>
  <testcase classname="com.sauceDemo.VerifyTestClasses.TC003_VerfiyBagProductAddtoCartFunctionality" name="bagProductAddTOCartFunctionality" time="0.175"/>
  <testcase classname="com.sauceDemo.VerifyTestClasses.TC004_VerifyMultipleproductAddtoCartFunctionality" name="mutipleProductAddToCartFunctionality" time="0.379"/>
</testsuite> <!-- ChromeTest -->
